[INFO  2023-12-24T17:52:00,931 net.lightbody.bmp.proxy.Main] (main) Starting BrowserMob Proxy version 2.1.4 
[INFO  2023-12-24T17:52:00,985 org.eclipse.jetty.util.log] (main) jetty-7.x.y-SNAPSHOT 
[INFO  2023-12-24T17:52:01,514 org.eclipse.jetty.util.log] (main) started o.e.j.s.ServletContextHandler{/,null} 
[INFO  2023-12-24T17:52:01,619 org.eclipse.jetty.util.log] (main) Started SelectChannelConnector@0.0.0.0:8080 
[INFO  2023-12-24T17:52:03,023 org.littleshoot.proxy.impl.DefaultHttpProxyServer] (qtp1503660218-18) Starting proxy at address: 0.0.0.0/0.0.0.0:8081 
[INFO  2023-12-24T17:52:03,064 org.littleshoot.proxy.impl.DefaultHttpProxyServer] (qtp1503660218-18) Proxy listening with TCP transport 
[INFO  2023-12-24T17:52:04,290 org.littleshoot.proxy.impl.DefaultHttpProxyServer] (qtp1503660218-18) Proxy started at address: /0:0:0:0:0:0:0:0:8081 
[WARN  2023-12-24T17:52:17,713 net.lightbody.bmp.mitm.util.SslUtil] (LittleProxy-0-ClientToProxyWorker-1) Disabling upstream server certificate verification. This will allow attackers to intercept communications with upstream servers. 
[INFO  2023-12-24T17:52:31,904 org.littleshoot.proxy.impl.ProxyToServerConnection] (LittleProxy-0-ProxyToServerWorker-0) (AWAITING_INITIAL) [id: 0xafeb9b57, L:/192.168.1.109:63412 - R:app.vub.sk/193.227.213.49:443]: An IOException occurred on ProxyToServerConnection: An existing connection was forcibly closed by the remote host 
[INFO  2023-12-24T17:52:31,904 org.littleshoot.proxy.impl.ProxyToServerConnection] (LittleProxy-0-ProxyToServerWorker-0) (AWAITING_INITIAL) [id: 0xafeb9b57, L:/192.168.1.109:63412 - R:app.vub.sk/193.227.213.49:443]: Disconnecting open connection to server 
[INFO  2023-12-24T17:53:03,682 org.littleshoot.proxy.impl.ClientToProxyConnection] (LittleProxy-0-ProxyToServerWorker-3) (AWAITING_INITIAL) [id: 0xdb5aff7b, L:/0:0:0:0:0:0:0:1:8081 - R:/0:0:0:0:0:0:0:1:57306]: Connection to server became saturated, stopping reading 
[INFO  2023-12-24T17:53:03,683 org.littleshoot.proxy.impl.ClientToProxyConnection] (LittleProxy-0-ProxyToServerWorker-7) (AWAITING_INITIAL) [id: 0xed2599c1, L:/0:0:0:0:0:0:0:1:8081 - R:/0:0:0:0:0:0:0:1:57283]: Connection to server became saturated, stopping reading 
[INFO  2023-12-24T17:53:04,419 org.littleshoot.proxy.impl.ClientToProxyConnection] (LittleProxy-0-ProxyToServerWorker-7) (AWAITING_INITIAL) [id: 0xed2599c1, L:/0:0:0:0:0:0:0:1:8081 - R:/0:0:0:0:0:0:0:1:57283]: All server connections writeable, resuming reading 
[INFO  2023-12-24T17:53:04,650 org.littleshoot.proxy.impl.ClientToProxyConnection] (LittleProxy-0-ProxyToServerWorker-3) (AWAITING_INITIAL) [id: 0xdb5aff7b, L:/0:0:0:0:0:0:0:1:8081 - R:/0:0:0:0:0:0:0:1:57306]: All server connections writeable, resuming reading 
[INFO  2023-12-24T17:53:10,214 org.littleshoot.proxy.impl.ClientToProxyConnection] (LittleProxy-0-ClientToProxyWorker-5) (AWAITING_INITIAL) [id: 0x45e1c5af, L:/0:0:0:0:0:0:0:1:8081 - R:/0:0:0:0:0:0:0:1:63604]: An IOException occurred on ClientToProxyConnection: An existing connection was forcibly closed by the remote host 
[INFO  2023-12-24T17:53:10,214 org.littleshoot.proxy.impl.ClientToProxyConnection] (LittleProxy-0-ClientToProxyWorker-5) (AWAITING_INITIAL) [id: 0xb8ea9b81, L:/0:0:0:0:0:0:0:1:8081 - R:/0:0:0:0:0:0:0:1:63537]: An IOException occurred on ClientToProxyConnection: An existing connection was forcibly closed by the remote host 
[INFO  2023-12-24T17:53:10,214 org.littleshoot.proxy.impl.ClientToProxyConnection] (LittleProxy-0-ClientToProxyWorker-5) (AWAITING_INITIAL) [id: 0x0db9203b, L:/0:0:0:0:0:0:0:1:8081 - R:/0:0:0:0:0:0:0:1:57328]: An IOException occurred on ClientToProxyConnection: An existing connection was forcibly closed by the remote host 
[INFO  2023-12-24T17:53:10,432 org.littleshoot.proxy.impl.ClientToProxyConnection] (LittleProxy-0-ClientToProxyWorker-7) (AWAITING_INITIAL) [id: 0xd9e4bde4, L:/0:0:0:0:0:0:0:1:8081 - R:/0:0:0:0:0:0:0:1:57142]: An IOException occurred on ClientToProxyConnection: An existing connection was forcibly closed by the remote host 
[INFO  2023-12-24T17:53:10,432 org.littleshoot.proxy.impl.ClientToProxyConnection] (LittleProxy-0-ClientToProxyWorker-7) (AWAITING_INITIAL) [id: 0xdd10f2a1, L:/0:0:0:0:0:0:0:1:8081 - R:/0:0:0:0:0:0:0:1:63591]: An IOException occurred on ClientToProxyConnection: An existing connection was forcibly closed by the remote host 
[INFO  2023-12-24T17:53:10,432 org.littleshoot.proxy.impl.ClientToProxyConnection] (LittleProxy-0-ClientToProxyWorker-7) (AWAITING_INITIAL) [id: 0x533b5e5b, L:/0:0:0:0:0:0:0:1:8081 - R:/0:0:0:0:0:0:0:1:63509]: An IOException occurred on ClientToProxyConnection: An existing connection was forcibly closed by the remote host 
[INFO  2023-12-24T17:53:10,432 org.littleshoot.proxy.impl.ClientToProxyConnection] (LittleProxy-0-ClientToProxyWorker-7) (AWAITING_INITIAL) [id: 0x47a51077, L:/0:0:0:0:0:0:0:1:8081 - R:/0:0:0:0:0:0:0:1:57281]: An IOException occurred on ClientToProxyConnection: An existing connection was forcibly closed by the remote host 
[INFO  2023-12-24T17:53:10,432 org.littleshoot.proxy.impl.ClientToProxyConnection] (LittleProxy-0-ClientToProxyWorker-7) (AWAITING_INITIAL) [id: 0xc13c81db, L:/0:0:0:0:0:0:0:1:8081 - R:/0:0:0:0:0:0:0:1:57296]: An IOException occurred on ClientToProxyConnection: An existing connection was forcibly closed by the remote host 
[INFO  2023-12-24T17:53:10,432 org.littleshoot.proxy.impl.ClientToProxyConnection] (LittleProxy-0-ClientToProxyWorker-7) (AWAITING_INITIAL) [id: 0x658a7b0b, L:/0:0:0:0:0:0:0:1:8081 - R:/0:0:0:0:0:0:0:1:57331]: An IOException occurred on ClientToProxyConnection: An existing connection was forcibly closed by the remote host 
[INFO  2023-12-24T17:53:10,448 org.littleshoot.proxy.impl.ClientToProxyConnection] (LittleProxy-0-ClientToProxyWorker-6) (AWAITING_INITIAL) [id: 0xb614c891, L:/0:0:0:0:0:0:0:1:8081 - R:/0:0:0:0:0:0:0:1:63589]: An IOException occurred on ClientToProxyConnection: An existing connection was forcibly closed by the remote host 
[INFO  2023-12-24T17:53:10,448 org.littleshoot.proxy.impl.ClientToProxyConnection] (LittleProxy-0-ClientToProxyWorker-0) (AWAITING_INITIAL) [id: 0x4fc50d29, L:/0:0:0:0:0:0:0:1:8081 - R:/0:0:0:0:0:0:0:1:63592]: An IOException occurred on ClientToProxyConnection: An existing connection was forcibly closed by the remote host 
[INFO  2023-12-24T17:53:10,448 org.littleshoot.proxy.impl.ClientToProxyConnection] (LittleProxy-0-ClientToProxyWorker-0) (AWAITING_INITIAL) [id: 0xd098be29, L:/0:0:0:0:0:0:0:1:8081 - R:/0:0:0:0:0:0:0:1:63395]: An IOException occurred on ClientToProxyConnection: An existing connection was forcibly closed by the remote host 
[INFO  2023-12-24T17:53:10,448 org.littleshoot.proxy.impl.ClientToProxyConnection] (LittleProxy-0-ClientToProxyWorker-0) (AWAITING_INITIAL) [id: 0xf0dc37b8, L:/0:0:0:0:0:0:0:1:8081 - R:/0:0:0:0:0:0:0:1:57349]: An IOException occurred on ClientToProxyConnection: An existing connection was forcibly closed by the remote host 
[INFO  2023-12-24T17:53:10,448 org.littleshoot.proxy.impl.ClientToProxyConnection] (LittleProxy-0-ClientToProxyWorker-4) (AWAITING_INITIAL) [id: 0x3f6bbfea, L:/0:0:0:0:0:0:0:1:8081 - R:/0:0:0:0:0:0:0:1:63518]: An IOException occurred on ClientToProxyConnection: An existing connection was forcibly closed by the remote host 
[INFO  2023-12-24T17:53:10,448 org.littleshoot.proxy.impl.ClientToProxyConnection] (LittleProxy-0-ClientToProxyWorker-4) (AWAITING_INITIAL) [id: 0xd39e1c4f, L:/0:0:0:0:0:0:0:1:8081 - R:/0:0:0:0:0:0:0:1:63387]: An IOException occurred on ClientToProxyConnection: An existing connection was forcibly closed by the remote host 
[INFO  2023-12-24T17:53:10,448 org.littleshoot.proxy.impl.ClientToProxyConnection] (LittleProxy-0-ClientToProxyWorker-3) (AWAITING_INITIAL) [id: 0xcca5b1fe, L:/0:0:0:0:0:0:0:1:8081 - R:/0:0:0:0:0:0:0:1:63517]: An IOException occurred on ClientToProxyConnection: An existing connection was forcibly closed by the remote host 
[INFO  2023-12-24T17:53:10,448 org.littleshoot.proxy.impl.ClientToProxyConnection] (LittleProxy-0-ClientToProxyWorker-3) (AWAITING_INITIAL) [id: 0x6eafd6d8, L:/0:0:0:0:0:0:0:1:8081 - R:/0:0:0:0:0:0:0:1:57256]: An IOException occurred on ClientToProxyConnection: An existing connection was forcibly closed by the remote host 
[INFO  2023-12-24T17:53:10,448 org.littleshoot.proxy.impl.ProxyToServerConnection] (LittleProxy-0-ProxyToServerWorker-6) (DISCONNECTED) [id: 0xb3ba8da2, L:0.0.0.0/0.0.0.0:57370 ! R:widget-mediator.zopim.com/44.241.73.219:443]: Connection to upstream server failed java.io.IOException: An existing connection was forcibly closed by the remote host
	at sun.nio.ch.SocketDispatcher.write0(Native Method) ~[?:1.8.0_311]
	at sun.nio.ch.SocketDispatcher.write(Unknown Source) ~[?:1.8.0_311]
	at sun.nio.ch.IOUtil.writeFromNativeBuffer(Unknown Source) ~[?:1.8.0_311]
	at sun.nio.ch.IOUtil.write(Unknown Source) ~[?:1.8.0_311]
	at sun.nio.ch.SocketChannelImpl.write(Unknown Source) ~[?:1.8.0_311]
	at io.netty.channel.socket.nio.NioSocketChannel.doWrite(NioSocketChannel.java:411) ~[browsermob-dist-2.1.4.jar:?]
	at io.netty.channel.AbstractChannel$AbstractUnsafe.flush0(AbstractChannel.java:856) ~[browsermob-dist-2.1.4.jar:?]
	at io.netty.channel.nio.AbstractNioChannel$AbstractNioUnsafe.flush0(AbstractNioChannel.java:362) ~[browsermob-dist-2.1.4.jar:?]
	at io.netty.channel.AbstractChannel$AbstractUnsafe.flush(AbstractChannel.java:823) ~[browsermob-dist-2.1.4.jar:?]
	at io.netty.channel.DefaultChannelPipeline$HeadContext.flush(DefaultChannelPipeline.java:1296) ~[browsermob-dist-2.1.4.jar:?]
	at io.netty.channel.AbstractChannelHandlerContext.invokeFlush0(AbstractChannelHandlerContext.java:787) ~[browsermob-dist-2.1.4.jar:?]
	at io.netty.channel.AbstractChannelHandlerContext.invokeFlush(AbstractChannelHandlerContext.java:779) ~[browsermob-dist-2.1.4.jar:?]
	at io.netty.channel.AbstractChannelHandlerContext.flush(AbstractChannelHandlerContext.java:760) ~[browsermob-dist-2.1.4.jar:?]
	at io.netty.channel.ChannelOutboundHandlerAdapter.flush(ChannelOutboundHandlerAdapter.java:115) ~[browsermob-dist-2.1.4.jar:?]
	at io.netty.channel.AbstractChannelHandlerContext.invokeFlush0(AbstractChannelHandlerContext.java:787) ~[browsermob-dist-2.1.4.jar:?]
	at io.netty.channel.AbstractChannelHandlerContext.invokeFlush(AbstractChannelHandlerContext.java:779) ~[browsermob-dist-2.1.4.jar:?]
	at io.netty.channel.AbstractChannelHandlerContext.flush(AbstractChannelHandlerContext.java:760) ~[browsermob-dist-2.1.4.jar:?]
	at io.netty.channel.ChannelOutboundHandlerAdapter.flush(ChannelOutboundHandlerAdapter.java:115) ~[browsermob-dist-2.1.4.jar:?]
	at io.netty.channel.AbstractChannelHandlerContext.invokeFlush0(AbstractChannelHandlerContext.java:787) ~[browsermob-dist-2.1.4.jar:?]
	at io.netty.channel.AbstractChannelHandlerContext.invokeFlush(AbstractChannelHandlerContext.java:779) ~[browsermob-dist-2.1.4.jar:?]
	at io.netty.channel.AbstractChannelHandlerContext.flush(AbstractChannelHandlerContext.java:760) ~[browsermob-dist-2.1.4.jar:?]
	at io.netty.channel.ChannelOutboundHandlerAdapter.flush(ChannelOutboundHandlerAdapter.java:115) ~[browsermob-dist-2.1.4.jar:?]
	at io.netty.channel.AbstractChannelHandlerContext.invokeFlush0(AbstractChannelHandlerContext.java:787) ~[browsermob-dist-2.1.4.jar:?]
	at io.netty.channel.AbstractChannelHandlerContext.invokeFlush(AbstractChannelHandlerContext.java:779) ~[browsermob-dist-2.1.4.jar:?]
	at io.netty.channel.AbstractChannelHandlerContext.flush(AbstractChannelHandlerContext.java:760) ~[browsermob-dist-2.1.4.jar:?]
	at io.netty.channel.ChannelDuplexHandler.flush(ChannelDuplexHandler.java:117) ~[browsermob-dist-2.1.4.jar:?]
	at io.netty.channel.AbstractChannelHandlerContext.invokeFlush0(AbstractChannelHandlerContext.java:787) ~[browsermob-dist-2.1.4.jar:?]
	at io.netty.channel.AbstractChannelHandlerContext.invokeWriteAndFlush(AbstractChannelHandlerContext.java:813) ~[browsermob-dist-2.1.4.jar:?]
	at io.netty.channel.AbstractChannelHandlerContext.write(AbstractChannelHandlerContext.java:825) ~[browsermob-dist-2.1.4.jar:?]
	at io.netty.channel.AbstractChannelHandlerContext.writeAndFlush(AbstractChannelHandlerContext.java:805) ~[browsermob-dist-2.1.4.jar:?]
	at io.netty.channel.AbstractChannelHandlerContext.writeAndFlush(AbstractChannelHandlerContext.java:842) ~[browsermob-dist-2.1.4.jar:?]
	at io.netty.channel.DefaultChannelPipeline.writeAndFlush(DefaultChannelPipeline.java:1032) ~[browsermob-dist-2.1.4.jar:?]
	at io.netty.channel.AbstractChannel.writeAndFlush(AbstractChannel.java:296) ~[browsermob-dist-2.1.4.jar:?]
	at org.littleshoot.proxy.impl.ProxyConnection.writeToChannel(ProxyConnection.java:266) ~[browsermob-dist-2.1.4.jar:?]
	at org.littleshoot.proxy.impl.ClientToProxyConnection$2.execute(ClientToProxyConnection.java:488) ~[browsermob-dist-2.1.4.jar:?]
	at org.littleshoot.proxy.impl.ConnectionFlow.doProcessCurrentStep(ConnectionFlow.java:140) ~[browsermob-dist-2.1.4.jar:?]
	at org.littleshoot.proxy.impl.ConnectionFlow.access$000(ConnectionFlow.java:14) ~[browsermob-dist-2.1.4.jar:?]
	at org.littleshoot.proxy.impl.ConnectionFlow$1.run(ConnectionFlow.java:124) ~[browsermob-dist-2.1.4.jar:?]
	at io.netty.util.concurrent.PromiseTask$RunnableAdapter.call(PromiseTask.java:38) ~[browsermob-dist-2.1.4.jar:?]
	at io.netty.util.concurrent.PromiseTask.run(PromiseTask.java:73) ~[browsermob-dist-2.1.4.jar:?]
	at io.netty.util.concurrent.AbstractEventExecutor.safeExecute(AbstractEventExecutor.java:163) [browsermob-dist-2.1.4.jar:?]
	at io.netty.util.concurrent.SingleThreadEventExecutor.runAllTasks(SingleThreadEventExecutor.java:418) [browsermob-dist-2.1.4.jar:?]
	at io.netty.channel.nio.NioEventLoop.run(NioEventLoop.java:454) [browsermob-dist-2.1.4.jar:?]
	at io.netty.util.concurrent.SingleThreadEventExecutor$5.run(SingleThreadEventExecutor.java:873) [browsermob-dist-2.1.4.jar:?]
	at java.lang.Thread.run(Unknown Source) [?:1.8.0_311]

[INFO  2023-12-24T17:53:10,463 org.littleshoot.proxy.impl.ClientToProxyConnection] (LittleProxy-0-ClientToProxyWorker-1) (AWAITING_INITIAL) [id: 0xb48b8ace, L:/0:0:0:0:0:0:0:1:8081 - R:/0:0:0:0:0:0:0:1:63358]: An IOException occurred on ClientToProxyConnection: An existing connection was forcibly closed by the remote host 
[INFO  2023-12-24T17:53:10,463 org.littleshoot.proxy.impl.ClientToProxyConnection] (LittleProxy-0-ClientToProxyWorker-1) (AWAITING_INITIAL) [id: 0x92cf812d, L:/0:0:0:0:0:0:0:1:8081 - R:/0:0:0:0:0:0:0:1:57286]: An IOException occurred on ClientToProxyConnection: An existing connection was forcibly closed by the remote host 
[INFO  2023-12-24T17:53:10,463 org.littleshoot.proxy.impl.ClientToProxyConnection] (LittleProxy-0-ClientToProxyWorker-1) (AWAITING_INITIAL) [id: 0xd7c6485b, L:/0:0:0:0:0:0:0:1:8081 - R:/0:0:0:0:0:0:0:1:63580]: An IOException occurred on ClientToProxyConnection: An existing connection was forcibly closed by the remote host 
[INFO  2023-12-24T17:53:10,463 org.littleshoot.proxy.impl.ClientToProxyConnection] (LittleProxy-0-ClientToProxyWorker-1) (AWAITING_INITIAL) [id: 0x1dc4c5b8, L:/0:0:0:0:0:0:0:1:8081 - R:/0:0:0:0:0:0:0:1:63596]: An IOException occurred on ClientToProxyConnection: An existing connection was forcibly closed by the remote host 
[INFO  2023-12-24T17:53:10,463 org.littleshoot.proxy.impl.ClientToProxyConnection] (LittleProxy-0-ClientToProxyWorker-1) (AWAITING_INITIAL) [id: 0xcc98904e, L:/0:0:0:0:0:0:0:1:8081 - R:/0:0:0:0:0:0:0:1:57333]: An IOException occurred on ClientToProxyConnection: An existing connection was forcibly closed by the remote host 
[INFO  2023-12-24T17:53:10,954 org.littleshoot.proxy.impl.ProxyToServerConnection] (LittleProxy-0-ProxyToServerWorker-0) (HANDSHAKING) [id: 0x6000ef17, L:0.0.0.0/0.0.0.0:57376 ! R:api.lcs.spreadsuite.io/35.181.66.86:443]: Connection to upstream server failed java.io.IOException: An existing connection was forcibly closed by the remote host
	at sun.nio.ch.SocketDispatcher.write0(Native Method) ~[?:1.8.0_311]
	at sun.nio.ch.SocketDispatcher.write(Unknown Source) ~[?:1.8.0_311]
	at sun.nio.ch.IOUtil.writeFromNativeBuffer(Unknown Source) ~[?:1.8.0_311]
	at sun.nio.ch.IOUtil.write(Unknown Source) ~[?:1.8.0_311]
	at sun.nio.ch.SocketChannelImpl.write(Unknown Source) ~[?:1.8.0_311]
	at io.netty.channel.socket.nio.NioSocketChannel.doWrite(NioSocketChannel.java:411) ~[browsermob-dist-2.1.4.jar:?]
	at io.netty.channel.AbstractChannel$AbstractUnsafe.flush0(AbstractChannel.java:856) ~[browsermob-dist-2.1.4.jar:?]
	at io.netty.channel.nio.AbstractNioChannel$AbstractNioUnsafe.flush0(AbstractNioChannel.java:362) ~[browsermob-dist-2.1.4.jar:?]
	at io.netty.channel.AbstractChannel$AbstractUnsafe.flush(AbstractChannel.java:823) ~[browsermob-dist-2.1.4.jar:?]
	at io.netty.channel.DefaultChannelPipeline$HeadContext.flush(DefaultChannelPipeline.java:1296) ~[browsermob-dist-2.1.4.jar:?]
	at io.netty.channel.AbstractChannelHandlerContext.invokeFlush0(AbstractChannelHandlerContext.java:787) ~[browsermob-dist-2.1.4.jar:?]
	at io.netty.channel.AbstractChannelHandlerContext.invokeFlush(AbstractChannelHandlerContext.java:779) ~[browsermob-dist-2.1.4.jar:?]
	at io.netty.channel.AbstractChannelHandlerContext.flush(AbstractChannelHandlerContext.java:760) ~[browsermob-dist-2.1.4.jar:?]
	at io.netty.channel.ChannelOutboundHandlerAdapter.flush(ChannelOutboundHandlerAdapter.java:115) ~[browsermob-dist-2.1.4.jar:?]
	at io.netty.channel.AbstractChannelHandlerContext.invokeFlush0(AbstractChannelHandlerContext.java:787) ~[browsermob-dist-2.1.4.jar:?]
	at io.netty.channel.AbstractChannelHandlerContext.invokeFlush(AbstractChannelHandlerContext.java:779) ~[browsermob-dist-2.1.4.jar:?]
	at io.netty.channel.AbstractChannelHandlerContext.flush(AbstractChannelHandlerContext.java:760) ~[browsermob-dist-2.1.4.jar:?]
	at io.netty.channel.ChannelOutboundHandlerAdapter.flush(ChannelOutboundHandlerAdapter.java:115) ~[browsermob-dist-2.1.4.jar:?]
	at io.netty.channel.AbstractChannelHandlerContext.invokeFlush0(AbstractChannelHandlerContext.java:787) ~[browsermob-dist-2.1.4.jar:?]
	at io.netty.channel.AbstractChannelHandlerContext.invokeFlush(AbstractChannelHandlerContext.java:779) ~[browsermob-dist-2.1.4.jar:?]
	at io.netty.channel.AbstractChannelHandlerContext.flush(AbstractChannelHandlerContext.java:760) ~[browsermob-dist-2.1.4.jar:?]
	at io.netty.channel.ChannelOutboundHandlerAdapter.flush(ChannelOutboundHandlerAdapter.java:115) ~[browsermob-dist-2.1.4.jar:?]
	at io.netty.channel.AbstractChannelHandlerContext.invokeFlush0(AbstractChannelHandlerContext.java:787) ~[browsermob-dist-2.1.4.jar:?]
	at io.netty.channel.AbstractChannelHandlerContext.invokeFlush(AbstractChannelHandlerContext.java:779) ~[browsermob-dist-2.1.4.jar:?]
	at io.netty.channel.AbstractChannelHandlerContext.flush(AbstractChannelHandlerContext.java:760) ~[browsermob-dist-2.1.4.jar:?]
	at io.netty.channel.ChannelDuplexHandler.flush(ChannelDuplexHandler.java:117) ~[browsermob-dist-2.1.4.jar:?]
	at io.netty.channel.AbstractChannelHandlerContext.invokeFlush0(AbstractChannelHandlerContext.java:787) ~[browsermob-dist-2.1.4.jar:?]
	at io.netty.channel.AbstractChannelHandlerContext.invokeWriteAndFlush(AbstractChannelHandlerContext.java:813) ~[browsermob-dist-2.1.4.jar:?]
	at io.netty.channel.AbstractChannelHandlerContext.write(AbstractChannelHandlerContext.java:825) ~[browsermob-dist-2.1.4.jar:?]
	at io.netty.channel.AbstractChannelHandlerContext.writeAndFlush(AbstractChannelHandlerContext.java:805) ~[browsermob-dist-2.1.4.jar:?]
	at io.netty.channel.AbstractChannelHandlerContext.writeAndFlush(AbstractChannelHandlerContext.java:842) ~[browsermob-dist-2.1.4.jar:?]
	at io.netty.channel.DefaultChannelPipeline.writeAndFlush(DefaultChannelPipeline.java:1032) ~[browsermob-dist-2.1.4.jar:?]
	at io.netty.channel.AbstractChannel.writeAndFlush(AbstractChannel.java:296) ~[browsermob-dist-2.1.4.jar:?]
	at org.littleshoot.proxy.impl.ProxyConnection.writeToChannel(ProxyConnection.java:266) ~[browsermob-dist-2.1.4.jar:?]
	at org.littleshoot.proxy.impl.ClientToProxyConnection$2.execute(ClientToProxyConnection.java:488) ~[browsermob-dist-2.1.4.jar:?]
	at org.littleshoot.proxy.impl.ConnectionFlow.doProcessCurrentStep(ConnectionFlow.java:140) ~[browsermob-dist-2.1.4.jar:?]
	at org.littleshoot.proxy.impl.ConnectionFlow.access$000(ConnectionFlow.java:14) ~[browsermob-dist-2.1.4.jar:?]
	at org.littleshoot.proxy.impl.ConnectionFlow$1.run(ConnectionFlow.java:124) ~[browsermob-dist-2.1.4.jar:?]
	at io.netty.util.concurrent.PromiseTask$RunnableAdapter.call(PromiseTask.java:38) ~[browsermob-dist-2.1.4.jar:?]
	at io.netty.util.concurrent.PromiseTask.run(PromiseTask.java:73) ~[browsermob-dist-2.1.4.jar:?]
	at io.netty.util.concurrent.AbstractEventExecutor.safeExecute(AbstractEventExecutor.java:163) [browsermob-dist-2.1.4.jar:?]
	at io.netty.util.concurrent.SingleThreadEventExecutor.runAllTasks(SingleThreadEventExecutor.java:418) [browsermob-dist-2.1.4.jar:?]
	at io.netty.channel.nio.NioEventLoop.run(NioEventLoop.java:454) [browsermob-dist-2.1.4.jar:?]
	at io.netty.util.concurrent.SingleThreadEventExecutor$5.run(SingleThreadEventExecutor.java:873) [browsermob-dist-2.1.4.jar:?]
	at java.lang.Thread.run(Unknown Source) [?:1.8.0_311]

[INFO  2023-12-24T17:53:10,955 org.littleshoot.proxy.impl.ProxyToServerConnection] (LittleProxy-0-ProxyToServerWorker-2) (HANDSHAKING) [id: 0x45964428, L:0.0.0.0/0.0.0.0:57377 ! R:api.lcs.spreadsuite.io/35.181.66.86:443]: Connection to upstream server failed java.io.IOException: An existing connection was forcibly closed by the remote host
	at sun.nio.ch.SocketDispatcher.write0(Native Method) ~[?:1.8.0_311]
	at sun.nio.ch.SocketDispatcher.write(Unknown Source) ~[?:1.8.0_311]
	at sun.nio.ch.IOUtil.writeFromNativeBuffer(Unknown Source) ~[?:1.8.0_311]
	at sun.nio.ch.IOUtil.write(Unknown Source) ~[?:1.8.0_311]
	at sun.nio.ch.SocketChannelImpl.write(Unknown Source) ~[?:1.8.0_311]
	at io.netty.channel.socket.nio.NioSocketChannel.doWrite(NioSocketChannel.java:411) ~[browsermob-dist-2.1.4.jar:?]
	at io.netty.channel.AbstractChannel$AbstractUnsafe.flush0(AbstractChannel.java:856) ~[browsermob-dist-2.1.4.jar:?]
	at io.netty.channel.nio.AbstractNioChannel$AbstractNioUnsafe.flush0(AbstractNioChannel.java:362) ~[browsermob-dist-2.1.4.jar:?]
	at io.netty.channel.AbstractChannel$AbstractUnsafe.flush(AbstractChannel.java:823) ~[browsermob-dist-2.1.4.jar:?]
	at io.netty.channel.DefaultChannelPipeline$HeadContext.flush(DefaultChannelPipeline.java:1296) ~[browsermob-dist-2.1.4.jar:?]
	at io.netty.channel.AbstractChannelHandlerContext.invokeFlush0(AbstractChannelHandlerContext.java:787) ~[browsermob-dist-2.1.4.jar:?]
	at io.netty.channel.AbstractChannelHandlerContext.invokeFlush(AbstractChannelHandlerContext.java:779) ~[browsermob-dist-2.1.4.jar:?]
	at io.netty.channel.AbstractChannelHandlerContext.flush(AbstractChannelHandlerContext.java:760) ~[browsermob-dist-2.1.4.jar:?]
	at io.netty.channel.ChannelOutboundHandlerAdapter.flush(ChannelOutboundHandlerAdapter.java:115) ~[browsermob-dist-2.1.4.jar:?]
	at io.netty.channel.AbstractChannelHandlerContext.invokeFlush0(AbstractChannelHandlerContext.java:787) ~[browsermob-dist-2.1.4.jar:?]
	at io.netty.channel.AbstractChannelHandlerContext.invokeFlush(AbstractChannelHandlerContext.java:779) ~[browsermob-dist-2.1.4.jar:?]
	at io.netty.channel.AbstractChannelHandlerContext.flush(AbstractChannelHandlerContext.java:760) ~[browsermob-dist-2.1.4.jar:?]
	at io.netty.channel.ChannelOutboundHandlerAdapter.flush(ChannelOutboundHandlerAdapter.java:115) ~[browsermob-dist-2.1.4.jar:?]
	at io.netty.channel.AbstractChannelHandlerContext.invokeFlush0(AbstractChannelHandlerContext.java:787) ~[browsermob-dist-2.1.4.jar:?]
	at io.netty.channel.AbstractChannelHandlerContext.invokeFlush(AbstractChannelHandlerContext.java:779) ~[browsermob-dist-2.1.4.jar:?]
	at io.netty.channel.AbstractChannelHandlerContext.flush(AbstractChannelHandlerContext.java:760) ~[browsermob-dist-2.1.4.jar:?]
	at io.netty.channel.ChannelOutboundHandlerAdapter.flush(ChannelOutboundHandlerAdapter.java:115) ~[browsermob-dist-2.1.4.jar:?]
	at io.netty.channel.AbstractChannelHandlerContext.invokeFlush0(AbstractChannelHandlerContext.java:787) ~[browsermob-dist-2.1.4.jar:?]
	at io.netty.channel.AbstractChannelHandlerContext.invokeFlush(AbstractChannelHandlerContext.java:779) ~[browsermob-dist-2.1.4.jar:?]
	at io.netty.channel.AbstractChannelHandlerContext.flush(AbstractChannelHandlerContext.java:760) ~[browsermob-dist-2.1.4.jar:?]
	at io.netty.channel.ChannelDuplexHandler.flush(ChannelDuplexHandler.java:117) ~[browsermob-dist-2.1.4.jar:?]
	at io.netty.channel.AbstractChannelHandlerContext.invokeFlush0(AbstractChannelHandlerContext.java:787) ~[browsermob-dist-2.1.4.jar:?]
	at io.netty.channel.AbstractChannelHandlerContext.invokeWriteAndFlush(AbstractChannelHandlerContext.java:813) ~[browsermob-dist-2.1.4.jar:?]
	at io.netty.channel.AbstractChannelHandlerContext.write(AbstractChannelHandlerContext.java:825) ~[browsermob-dist-2.1.4.jar:?]
	at io.netty.channel.AbstractChannelHandlerContext.writeAndFlush(AbstractChannelHandlerContext.java:805) ~[browsermob-dist-2.1.4.jar:?]
	at io.netty.channel.AbstractChannelHandlerContext.writeAndFlush(AbstractChannelHandlerContext.java:842) ~[browsermob-dist-2.1.4.jar:?]
	at io.netty.channel.DefaultChannelPipeline.writeAndFlush(DefaultChannelPipeline.java:1032) ~[browsermob-dist-2.1.4.jar:?]
	at io.netty.channel.AbstractChannel.writeAndFlush(AbstractChannel.java:296) ~[browsermob-dist-2.1.4.jar:?]
	at org.littleshoot.proxy.impl.ProxyConnection.writeToChannel(ProxyConnection.java:266) ~[browsermob-dist-2.1.4.jar:?]
	at org.littleshoot.proxy.impl.ClientToProxyConnection$2.execute(ClientToProxyConnection.java:488) ~[browsermob-dist-2.1.4.jar:?]
	at org.littleshoot.proxy.impl.ConnectionFlow.doProcessCurrentStep(ConnectionFlow.java:140) ~[browsermob-dist-2.1.4.jar:?]
	at org.littleshoot.proxy.impl.ConnectionFlow.access$000(ConnectionFlow.java:14) ~[browsermob-dist-2.1.4.jar:?]
	at org.littleshoot.proxy.impl.ConnectionFlow$1.run(ConnectionFlow.java:124) ~[browsermob-dist-2.1.4.jar:?]
	at io.netty.util.concurrent.PromiseTask$RunnableAdapter.call(PromiseTask.java:38) ~[browsermob-dist-2.1.4.jar:?]
	at io.netty.util.concurrent.PromiseTask.run(PromiseTask.java:73) ~[browsermob-dist-2.1.4.jar:?]
	at io.netty.util.concurrent.AbstractEventExecutor.safeExecute(AbstractEventExecutor.java:163) [browsermob-dist-2.1.4.jar:?]
	at io.netty.util.concurrent.SingleThreadEventExecutor.runAllTasks(SingleThreadEventExecutor.java:418) [browsermob-dist-2.1.4.jar:?]
	at io.netty.channel.nio.NioEventLoop.run(NioEventLoop.java:454) [browsermob-dist-2.1.4.jar:?]
	at io.netty.util.concurrent.SingleThreadEventExecutor$5.run(SingleThreadEventExecutor.java:873) [browsermob-dist-2.1.4.jar:?]
	at java.lang.Thread.run(Unknown Source) [?:1.8.0_311]

[INFO  2023-12-24T17:53:10,959 org.littleshoot.proxy.impl.ProxyToServerConnection] (LittleProxy-0-ProxyToServerWorker-1) (HANDSHAKING) [id: 0x58efd661, L:0.0.0.0/0.0.0.0:57375 ! R:api.lcs.spreadsuite.io/35.181.66.86:443]: Connection to upstream server failed java.io.IOException: An existing connection was forcibly closed by the remote host
	at sun.nio.ch.SocketDispatcher.write0(Native Method) ~[?:1.8.0_311]
	at sun.nio.ch.SocketDispatcher.write(Unknown Source) ~[?:1.8.0_311]
	at sun.nio.ch.IOUtil.writeFromNativeBuffer(Unknown Source) ~[?:1.8.0_311]
	at sun.nio.ch.IOUtil.write(Unknown Source) ~[?:1.8.0_311]
	at sun.nio.ch.SocketChannelImpl.write(Unknown Source) ~[?:1.8.0_311]
	at io.netty.channel.socket.nio.NioSocketChannel.doWrite(NioSocketChannel.java:411) ~[browsermob-dist-2.1.4.jar:?]
	at io.netty.channel.AbstractChannel$AbstractUnsafe.flush0(AbstractChannel.java:856) ~[browsermob-dist-2.1.4.jar:?]
	at io.netty.channel.nio.AbstractNioChannel$AbstractNioUnsafe.flush0(AbstractNioChannel.java:362) ~[browsermob-dist-2.1.4.jar:?]
	at io.netty.channel.AbstractChannel$AbstractUnsafe.flush(AbstractChannel.java:823) ~[browsermob-dist-2.1.4.jar:?]
	at io.netty.channel.DefaultChannelPipeline$HeadContext.flush(DefaultChannelPipeline.java:1296) ~[browsermob-dist-2.1.4.jar:?]
	at io.netty.channel.AbstractChannelHandlerContext.invokeFlush0(AbstractChannelHandlerContext.java:787) ~[browsermob-dist-2.1.4.jar:?]
	at io.netty.channel.AbstractChannelHandlerContext.invokeFlush(AbstractChannelHandlerContext.java:779) ~[browsermob-dist-2.1.4.jar:?]
	at io.netty.channel.AbstractChannelHandlerContext.flush(AbstractChannelHandlerContext.java:760) ~[browsermob-dist-2.1.4.jar:?]
	at io.netty.channel.ChannelOutboundHandlerAdapter.flush(ChannelOutboundHandlerAdapter.java:115) ~[browsermob-dist-2.1.4.jar:?]
	at io.netty.channel.AbstractChannelHandlerContext.invokeFlush0(AbstractChannelHandlerContext.java:787) ~[browsermob-dist-2.1.4.jar:?]
	at io.netty.channel.AbstractChannelHandlerContext.invokeFlush(AbstractChannelHandlerContext.java:779) ~[browsermob-dist-2.1.4.jar:?]
	at io.netty.channel.AbstractChannelHandlerContext.flush(AbstractChannelHandlerContext.java:760) ~[browsermob-dist-2.1.4.jar:?]
	at io.netty.channel.ChannelOutboundHandlerAdapter.flush(ChannelOutboundHandlerAdapter.java:115) ~[browsermob-dist-2.1.4.jar:?]
	at io.netty.channel.AbstractChannelHandlerContext.invokeFlush0(AbstractChannelHandlerContext.java:787) ~[browsermob-dist-2.1.4.jar:?]
	at io.netty.channel.AbstractChannelHandlerContext.invokeFlush(AbstractChannelHandlerContext.java:779) ~[browsermob-dist-2.1.4.jar:?]
	at io.netty.channel.AbstractChannelHandlerContext.flush(AbstractChannelHandlerContext.java:760) ~[browsermob-dist-2.1.4.jar:?]
	at io.netty.channel.ChannelOutboundHandlerAdapter.flush(ChannelOutboundHandlerAdapter.java:115) ~[browsermob-dist-2.1.4.jar:?]
	at io.netty.channel.AbstractChannelHandlerContext.invokeFlush0(AbstractChannelHandlerContext.java:787) ~[browsermob-dist-2.1.4.jar:?]
	at io.netty.channel.AbstractChannelHandlerContext.invokeFlush(AbstractChannelHandlerContext.java:779) ~[browsermob-dist-2.1.4.jar:?]
	at io.netty.channel.AbstractChannelHandlerContext.flush(AbstractChannelHandlerContext.java:760) ~[browsermob-dist-2.1.4.jar:?]
	at io.netty.channel.ChannelDuplexHandler.flush(ChannelDuplexHandler.java:117) ~[browsermob-dist-2.1.4.jar:?]
	at io.netty.channel.AbstractChannelHandlerContext.invokeFlush0(AbstractChannelHandlerContext.java:787) ~[browsermob-dist-2.1.4.jar:?]
	at io.netty.channel.AbstractChannelHandlerContext.invokeWriteAndFlush(AbstractChannelHandlerContext.java:813) ~[browsermob-dist-2.1.4.jar:?]
	at io.netty.channel.AbstractChannelHandlerContext.write(AbstractChannelHandlerContext.java:825) ~[browsermob-dist-2.1.4.jar:?]
	at io.netty.channel.AbstractChannelHandlerContext.writeAndFlush(AbstractChannelHandlerContext.java:805) ~[browsermob-dist-2.1.4.jar:?]
	at io.netty.channel.AbstractChannelHandlerContext.writeAndFlush(AbstractChannelHandlerContext.java:842) ~[browsermob-dist-2.1.4.jar:?]
	at io.netty.channel.DefaultChannelPipeline.writeAndFlush(DefaultChannelPipeline.java:1032) ~[browsermob-dist-2.1.4.jar:?]
	at io.netty.channel.AbstractChannel.writeAndFlush(AbstractChannel.java:296) ~[browsermob-dist-2.1.4.jar:?]
	at org.littleshoot.proxy.impl.ProxyConnection.writeToChannel(ProxyConnection.java:266) ~[browsermob-dist-2.1.4.jar:?]
	at org.littleshoot.proxy.impl.ClientToProxyConnection$2.execute(ClientToProxyConnection.java:488) ~[browsermob-dist-2.1.4.jar:?]
	at org.littleshoot.proxy.impl.ConnectionFlow.doProcessCurrentStep(ConnectionFlow.java:140) ~[browsermob-dist-2.1.4.jar:?]
	at org.littleshoot.proxy.impl.ConnectionFlow.access$000(ConnectionFlow.java:14) ~[browsermob-dist-2.1.4.jar:?]
	at org.littleshoot.proxy.impl.ConnectionFlow$1.run(ConnectionFlow.java:124) ~[browsermob-dist-2.1.4.jar:?]
	at io.netty.util.concurrent.PromiseTask$RunnableAdapter.call(PromiseTask.java:38) ~[browsermob-dist-2.1.4.jar:?]
	at io.netty.util.concurrent.PromiseTask.run(PromiseTask.java:73) ~[browsermob-dist-2.1.4.jar:?]
	at io.netty.util.concurrent.AbstractEventExecutor.safeExecute(AbstractEventExecutor.java:163) [browsermob-dist-2.1.4.jar:?]
	at io.netty.util.concurrent.SingleThreadEventExecutor.runAllTasks(SingleThreadEventExecutor.java:418) [browsermob-dist-2.1.4.jar:?]
	at io.netty.channel.nio.NioEventLoop.run(NioEventLoop.java:454) [browsermob-dist-2.1.4.jar:?]
	at io.netty.util.concurrent.SingleThreadEventExecutor$5.run(SingleThreadEventExecutor.java:873) [browsermob-dist-2.1.4.jar:?]
	at java.lang.Thread.run(Unknown Source) [?:1.8.0_311]

[INFO  2023-12-24T17:53:10,960 org.littleshoot.proxy.impl.ProxyToServerConnection] (LittleProxy-0-ProxyToServerWorker-4) (HANDSHAKING) [id: 0xf8a249ad, L:0.0.0.0/0.0.0.0:57379 ! R:api.lcs.spreadsuite.io/35.181.66.86:443]: Connection to upstream server failed java.io.IOException: An existing connection was forcibly closed by the remote host
	at sun.nio.ch.SocketDispatcher.write0(Native Method) ~[?:1.8.0_311]
	at sun.nio.ch.SocketDispatcher.write(Unknown Source) ~[?:1.8.0_311]
	at sun.nio.ch.IOUtil.writeFromNativeBuffer(Unknown Source) ~[?:1.8.0_311]
	at sun.nio.ch.IOUtil.write(Unknown Source) ~[?:1.8.0_311]
	at sun.nio.ch.SocketChannelImpl.write(Unknown Source) ~[?:1.8.0_311]
	at io.netty.channel.socket.nio.NioSocketChannel.doWrite(NioSocketChannel.java:411) ~[browsermob-dist-2.1.4.jar:?]
	at io.netty.channel.AbstractChannel$AbstractUnsafe.flush0(AbstractChannel.java:856) ~[browsermob-dist-2.1.4.jar:?]
	at io.netty.channel.nio.AbstractNioChannel$AbstractNioUnsafe.flush0(AbstractNioChannel.java:362) ~[browsermob-dist-2.1.4.jar:?]
	at io.netty.channel.AbstractChannel$AbstractUnsafe.flush(AbstractChannel.java:823) ~[browsermob-dist-2.1.4.jar:?]
	at io.netty.channel.DefaultChannelPipeline$HeadContext.flush(DefaultChannelPipeline.java:1296) ~[browsermob-dist-2.1.4.jar:?]
	at io.netty.channel.AbstractChannelHandlerContext.invokeFlush0(AbstractChannelHandlerContext.java:787) ~[browsermob-dist-2.1.4.jar:?]
	at io.netty.channel.AbstractChannelHandlerContext.invokeFlush(AbstractChannelHandlerContext.java:779) ~[browsermob-dist-2.1.4.jar:?]
	at io.netty.channel.AbstractChannelHandlerContext.flush(AbstractChannelHandlerContext.java:760) ~[browsermob-dist-2.1.4.jar:?]
	at io.netty.channel.ChannelOutboundHandlerAdapter.flush(ChannelOutboundHandlerAdapter.java:115) ~[browsermob-dist-2.1.4.jar:?]
	at io.netty.channel.AbstractChannelHandlerContext.invokeFlush0(AbstractChannelHandlerContext.java:787) ~[browsermob-dist-2.1.4.jar:?]
	at io.netty.channel.AbstractChannelHandlerContext.invokeFlush(AbstractChannelHandlerContext.java:779) ~[browsermob-dist-2.1.4.jar:?]
	at io.netty.channel.AbstractChannelHandlerContext.flush(AbstractChannelHandlerContext.java:760) ~[browsermob-dist-2.1.4.jar:?]
	at io.netty.channel.ChannelOutboundHandlerAdapter.flush(ChannelOutboundHandlerAdapter.java:115) ~[browsermob-dist-2.1.4.jar:?]
	at io.netty.channel.AbstractChannelHandlerContext.invokeFlush0(AbstractChannelHandlerContext.java:787) ~[browsermob-dist-2.1.4.jar:?]
	at io.netty.channel.AbstractChannelHandlerContext.invokeFlush(AbstractChannelHandlerContext.java:779) ~[browsermob-dist-2.1.4.jar:?]
	at io.netty.channel.AbstractChannelHandlerContext.flush(AbstractChannelHandlerContext.java:760) ~[browsermob-dist-2.1.4.jar:?]
	at io.netty.channel.ChannelOutboundHandlerAdapter.flush(ChannelOutboundHandlerAdapter.java:115) ~[browsermob-dist-2.1.4.jar:?]
	at io.netty.channel.AbstractChannelHandlerContext.invokeFlush0(AbstractChannelHandlerContext.java:787) ~[browsermob-dist-2.1.4.jar:?]
	at io.netty.channel.AbstractChannelHandlerContext.invokeFlush(AbstractChannelHandlerContext.java:779) ~[browsermob-dist-2.1.4.jar:?]
	at io.netty.channel.AbstractChannelHandlerContext.flush(AbstractChannelHandlerContext.java:760) ~[browsermob-dist-2.1.4.jar:?]
	at io.netty.channel.ChannelDuplexHandler.flush(ChannelDuplexHandler.java:117) ~[browsermob-dist-2.1.4.jar:?]
	at io.netty.channel.AbstractChannelHandlerContext.invokeFlush0(AbstractChannelHandlerContext.java:787) ~[browsermob-dist-2.1.4.jar:?]
	at io.netty.channel.AbstractChannelHandlerContext.invokeWriteAndFlush(AbstractChannelHandlerContext.java:813) ~[browsermob-dist-2.1.4.jar:?]
	at io.netty.channel.AbstractChannelHandlerContext.write(AbstractChannelHandlerContext.java:825) ~[browsermob-dist-2.1.4.jar:?]
	at io.netty.channel.AbstractChannelHandlerContext.writeAndFlush(AbstractChannelHandlerContext.java:805) ~[browsermob-dist-2.1.4.jar:?]
	at io.netty.channel.AbstractChannelHandlerContext.writeAndFlush(AbstractChannelHandlerContext.java:842) ~[browsermob-dist-2.1.4.jar:?]
	at io.netty.channel.DefaultChannelPipeline.writeAndFlush(DefaultChannelPipeline.java:1032) ~[browsermob-dist-2.1.4.jar:?]
	at io.netty.channel.AbstractChannel.writeAndFlush(AbstractChannel.java:296) ~[browsermob-dist-2.1.4.jar:?]
	at org.littleshoot.proxy.impl.ProxyConnection.writeToChannel(ProxyConnection.java:266) ~[browsermob-dist-2.1.4.jar:?]
	at org.littleshoot.proxy.impl.ClientToProxyConnection$2.execute(ClientToProxyConnection.java:488) ~[browsermob-dist-2.1.4.jar:?]
	at org.littleshoot.proxy.impl.ConnectionFlow.doProcessCurrentStep(ConnectionFlow.java:140) ~[browsermob-dist-2.1.4.jar:?]
	at org.littleshoot.proxy.impl.ConnectionFlow.access$000(ConnectionFlow.java:14) ~[browsermob-dist-2.1.4.jar:?]
	at org.littleshoot.proxy.impl.ConnectionFlow$1.run(ConnectionFlow.java:124) ~[browsermob-dist-2.1.4.jar:?]
	at io.netty.util.concurrent.PromiseTask$RunnableAdapter.call(PromiseTask.java:38) ~[browsermob-dist-2.1.4.jar:?]
	at io.netty.util.concurrent.PromiseTask.run(PromiseTask.java:73) ~[browsermob-dist-2.1.4.jar:?]
	at io.netty.util.concurrent.AbstractEventExecutor.safeExecute(AbstractEventExecutor.java:163) [browsermob-dist-2.1.4.jar:?]
	at io.netty.util.concurrent.SingleThreadEventExecutor.runAllTasks(SingleThreadEventExecutor.java:418) [browsermob-dist-2.1.4.jar:?]
	at io.netty.channel.nio.NioEventLoop.run(NioEventLoop.java:454) [browsermob-dist-2.1.4.jar:?]
	at io.netty.util.concurrent.SingleThreadEventExecutor$5.run(SingleThreadEventExecutor.java:873) [browsermob-dist-2.1.4.jar:?]
	at java.lang.Thread.run(Unknown Source) [?:1.8.0_311]

[INFO  2023-12-24T17:53:10,966 org.littleshoot.proxy.impl.ProxyToServerConnection] (LittleProxy-0-ProxyToServerWorker-7) (HANDSHAKING) [id: 0xa2d23ea0, L:0.0.0.0/0.0.0.0:57374 ! R:api.lcs.spreadsuite.io/35.181.66.86:443]: Connection to upstream server failed java.io.IOException: An existing connection was forcibly closed by the remote host
	at sun.nio.ch.SocketDispatcher.write0(Native Method) ~[?:1.8.0_311]
	at sun.nio.ch.SocketDispatcher.write(Unknown Source) ~[?:1.8.0_311]
	at sun.nio.ch.IOUtil.writeFromNativeBuffer(Unknown Source) ~[?:1.8.0_311]
	at sun.nio.ch.IOUtil.write(Unknown Source) ~[?:1.8.0_311]
	at sun.nio.ch.SocketChannelImpl.write(Unknown Source) ~[?:1.8.0_311]
	at io.netty.channel.socket.nio.NioSocketChannel.doWrite(NioSocketChannel.java:411) ~[browsermob-dist-2.1.4.jar:?]
	at io.netty.channel.AbstractChannel$AbstractUnsafe.flush0(AbstractChannel.java:856) ~[browsermob-dist-2.1.4.jar:?]
	at io.netty.channel.nio.AbstractNioChannel$AbstractNioUnsafe.flush0(AbstractNioChannel.java:362) ~[browsermob-dist-2.1.4.jar:?]
	at io.netty.channel.AbstractChannel$AbstractUnsafe.flush(AbstractChannel.java:823) ~[browsermob-dist-2.1.4.jar:?]
	at io.netty.channel.DefaultChannelPipeline$HeadContext.flush(DefaultChannelPipeline.java:1296) ~[browsermob-dist-2.1.4.jar:?]
	at io.netty.channel.AbstractChannelHandlerContext.invokeFlush0(AbstractChannelHandlerContext.java:787) ~[browsermob-dist-2.1.4.jar:?]
	at io.netty.channel.AbstractChannelHandlerContext.invokeFlush(AbstractChannelHandlerContext.java:779) ~[browsermob-dist-2.1.4.jar:?]
	at io.netty.channel.AbstractChannelHandlerContext.flush(AbstractChannelHandlerContext.java:760) ~[browsermob-dist-2.1.4.jar:?]
	at io.netty.channel.ChannelOutboundHandlerAdapter.flush(ChannelOutboundHandlerAdapter.java:115) ~[browsermob-dist-2.1.4.jar:?]
	at io.netty.channel.AbstractChannelHandlerContext.invokeFlush0(AbstractChannelHandlerContext.java:787) ~[browsermob-dist-2.1.4.jar:?]
	at io.netty.channel.AbstractChannelHandlerContext.invokeFlush(AbstractChannelHandlerContext.java:779) ~[browsermob-dist-2.1.4.jar:?]
	at io.netty.channel.AbstractChannelHandlerContext.flush(AbstractChannelHandlerContext.java:760) ~[browsermob-dist-2.1.4.jar:?]
	at io.netty.channel.ChannelOutboundHandlerAdapter.flush(ChannelOutboundHandlerAdapter.java:115) ~[browsermob-dist-2.1.4.jar:?]
	at io.netty.channel.AbstractChannelHandlerContext.invokeFlush0(AbstractChannelHandlerContext.java:787) ~[browsermob-dist-2.1.4.jar:?]
	at io.netty.channel.AbstractChannelHandlerContext.invokeFlush(AbstractChannelHandlerContext.java:779) ~[browsermob-dist-2.1.4.jar:?]
	at io.netty.channel.AbstractChannelHandlerContext.flush(AbstractChannelHandlerContext.java:760) ~[browsermob-dist-2.1.4.jar:?]
	at io.netty.channel.ChannelOutboundHandlerAdapter.flush(ChannelOutboundHandlerAdapter.java:115) ~[browsermob-dist-2.1.4.jar:?]
	at io.netty.channel.AbstractChannelHandlerContext.invokeFlush0(AbstractChannelHandlerContext.java:787) ~[browsermob-dist-2.1.4.jar:?]
	at io.netty.channel.AbstractChannelHandlerContext.invokeFlush(AbstractChannelHandlerContext.java:779) ~[browsermob-dist-2.1.4.jar:?]
	at io.netty.channel.AbstractChannelHandlerContext.flush(AbstractChannelHandlerContext.java:760) ~[browsermob-dist-2.1.4.jar:?]
	at io.netty.channel.ChannelDuplexHandler.flush(ChannelDuplexHandler.java:117) ~[browsermob-dist-2.1.4.jar:?]
	at io.netty.channel.AbstractChannelHandlerContext.invokeFlush0(AbstractChannelHandlerContext.java:787) ~[browsermob-dist-2.1.4.jar:?]
	at io.netty.channel.AbstractChannelHandlerContext.invokeWriteAndFlush(AbstractChannelHandlerContext.java:813) ~[browsermob-dist-2.1.4.jar:?]
	at io.netty.channel.AbstractChannelHandlerContext.write(AbstractChannelHandlerContext.java:825) ~[browsermob-dist-2.1.4.jar:?]
	at io.netty.channel.AbstractChannelHandlerContext.writeAndFlush(AbstractChannelHandlerContext.java:805) ~[browsermob-dist-2.1.4.jar:?]
	at io.netty.channel.AbstractChannelHandlerContext.writeAndFlush(AbstractChannelHandlerContext.java:842) ~[browsermob-dist-2.1.4.jar:?]
	at io.netty.channel.DefaultChannelPipeline.writeAndFlush(DefaultChannelPipeline.java:1032) ~[browsermob-dist-2.1.4.jar:?]
	at io.netty.channel.AbstractChannel.writeAndFlush(AbstractChannel.java:296) ~[browsermob-dist-2.1.4.jar:?]
	at org.littleshoot.proxy.impl.ProxyConnection.writeToChannel(ProxyConnection.java:266) ~[browsermob-dist-2.1.4.jar:?]
	at org.littleshoot.proxy.impl.ClientToProxyConnection$2.execute(ClientToProxyConnection.java:488) ~[browsermob-dist-2.1.4.jar:?]
	at org.littleshoot.proxy.impl.ConnectionFlow.doProcessCurrentStep(ConnectionFlow.java:140) ~[browsermob-dist-2.1.4.jar:?]
	at org.littleshoot.proxy.impl.ConnectionFlow.access$000(ConnectionFlow.java:14) ~[browsermob-dist-2.1.4.jar:?]
	at org.littleshoot.proxy.impl.ConnectionFlow$1.run(ConnectionFlow.java:124) ~[browsermob-dist-2.1.4.jar:?]
	at io.netty.util.concurrent.PromiseTask$RunnableAdapter.call(PromiseTask.java:38) ~[browsermob-dist-2.1.4.jar:?]
	at io.netty.util.concurrent.PromiseTask.run(PromiseTask.java:73) ~[browsermob-dist-2.1.4.jar:?]
	at io.netty.util.concurrent.AbstractEventExecutor.safeExecute(AbstractEventExecutor.java:163) [browsermob-dist-2.1.4.jar:?]
	at io.netty.util.concurrent.SingleThreadEventExecutor.runAllTasks(SingleThreadEventExecutor.java:418) [browsermob-dist-2.1.4.jar:?]
	at io.netty.channel.nio.NioEventLoop.run(NioEventLoop.java:454) [browsermob-dist-2.1.4.jar:?]
	at io.netty.util.concurrent.SingleThreadEventExecutor$5.run(SingleThreadEventExecutor.java:873) [browsermob-dist-2.1.4.jar:?]
	at java.lang.Thread.run(Unknown Source) [?:1.8.0_311]

[INFO  2023-12-24T17:53:10,968 org.littleshoot.proxy.impl.ProxyToServerConnection] (LittleProxy-0-ProxyToServerWorker-3) (HANDSHAKING) [id: 0x78e7353d, L:0.0.0.0/0.0.0.0:57378 ! R:api.lcs.spreadsuite.io/35.181.66.86:443]: Connection to upstream server failed java.io.IOException: An existing connection was forcibly closed by the remote host
	at sun.nio.ch.SocketDispatcher.write0(Native Method) ~[?:1.8.0_311]
	at sun.nio.ch.SocketDispatcher.write(Unknown Source) ~[?:1.8.0_311]
	at sun.nio.ch.IOUtil.writeFromNativeBuffer(Unknown Source) ~[?:1.8.0_311]
	at sun.nio.ch.IOUtil.write(Unknown Source) ~[?:1.8.0_311]
	at sun.nio.ch.SocketChannelImpl.write(Unknown Source) ~[?:1.8.0_311]
	at io.netty.channel.socket.nio.NioSocketChannel.doWrite(NioSocketChannel.java:411) ~[browsermob-dist-2.1.4.jar:?]
	at io.netty.channel.AbstractChannel$AbstractUnsafe.flush0(AbstractChannel.java:856) ~[browsermob-dist-2.1.4.jar:?]
	at io.netty.channel.nio.AbstractNioChannel$AbstractNioUnsafe.flush0(AbstractNioChannel.java:362) ~[browsermob-dist-2.1.4.jar:?]
	at io.netty.channel.AbstractChannel$AbstractUnsafe.flush(AbstractChannel.java:823) ~[browsermob-dist-2.1.4.jar:?]
	at io.netty.channel.DefaultChannelPipeline$HeadContext.flush(DefaultChannelPipeline.java:1296) ~[browsermob-dist-2.1.4.jar:?]
	at io.netty.channel.AbstractChannelHandlerContext.invokeFlush0(AbstractChannelHandlerContext.java:787) ~[browsermob-dist-2.1.4.jar:?]
	at io.netty.channel.AbstractChannelHandlerContext.invokeFlush(AbstractChannelHandlerContext.java:779) ~[browsermob-dist-2.1.4.jar:?]
	at io.netty.channel.AbstractChannelHandlerContext.flush(AbstractChannelHandlerContext.java:760) ~[browsermob-dist-2.1.4.jar:?]
	at io.netty.channel.ChannelOutboundHandlerAdapter.flush(ChannelOutboundHandlerAdapter.java:115) ~[browsermob-dist-2.1.4.jar:?]
	at io.netty.channel.AbstractChannelHandlerContext.invokeFlush0(AbstractChannelHandlerContext.java:787) ~[browsermob-dist-2.1.4.jar:?]
	at io.netty.channel.AbstractChannelHandlerContext.invokeFlush(AbstractChannelHandlerContext.java:779) ~[browsermob-dist-2.1.4.jar:?]
	at io.netty.channel.AbstractChannelHandlerContext.flush(AbstractChannelHandlerContext.java:760) ~[browsermob-dist-2.1.4.jar:?]
	at io.netty.channel.ChannelOutboundHandlerAdapter.flush(ChannelOutboundHandlerAdapter.java:115) ~[browsermob-dist-2.1.4.jar:?]
	at io.netty.channel.AbstractChannelHandlerContext.invokeFlush0(AbstractChannelHandlerContext.java:787) ~[browsermob-dist-2.1.4.jar:?]
	at io.netty.channel.AbstractChannelHandlerContext.invokeFlush(AbstractChannelHandlerContext.java:779) ~[browsermob-dist-2.1.4.jar:?]
	at io.netty.channel.AbstractChannelHandlerContext.flush(AbstractChannelHandlerContext.java:760) ~[browsermob-dist-2.1.4.jar:?]
	at io.netty.channel.ChannelOutboundHandlerAdapter.flush(ChannelOutboundHandlerAdapter.java:115) ~[browsermob-dist-2.1.4.jar:?]
	at io.netty.channel.AbstractChannelHandlerContext.invokeFlush0(AbstractChannelHandlerContext.java:787) ~[browsermob-dist-2.1.4.jar:?]
	at io.netty.channel.AbstractChannelHandlerContext.invokeFlush(AbstractChannelHandlerContext.java:779) ~[browsermob-dist-2.1.4.jar:?]
	at io.netty.channel.AbstractChannelHandlerContext.flush(AbstractChannelHandlerContext.java:760) ~[browsermob-dist-2.1.4.jar:?]
	at io.netty.channel.ChannelDuplexHandler.flush(ChannelDuplexHandler.java:117) ~[browsermob-dist-2.1.4.jar:?]
	at io.netty.channel.AbstractChannelHandlerContext.invokeFlush0(AbstractChannelHandlerContext.java:787) ~[browsermob-dist-2.1.4.jar:?]
	at io.netty.channel.AbstractChannelHandlerContext.invokeWriteAndFlush(AbstractChannelHandlerContext.java:813) ~[browsermob-dist-2.1.4.jar:?]
	at io.netty.channel.AbstractChannelHandlerContext.write(AbstractChannelHandlerContext.java:825) ~[browsermob-dist-2.1.4.jar:?]
	at io.netty.channel.AbstractChannelHandlerContext.writeAndFlush(AbstractChannelHandlerContext.java:805) ~[browsermob-dist-2.1.4.jar:?]
	at io.netty.channel.AbstractChannelHandlerContext.writeAndFlush(AbstractChannelHandlerContext.java:842) ~[browsermob-dist-2.1.4.jar:?]
	at io.netty.channel.DefaultChannelPipeline.writeAndFlush(DefaultChannelPipeline.java:1032) ~[browsermob-dist-2.1.4.jar:?]
	at io.netty.channel.AbstractChannel.writeAndFlush(AbstractChannel.java:296) ~[browsermob-dist-2.1.4.jar:?]
	at org.littleshoot.proxy.impl.ProxyConnection.writeToChannel(ProxyConnection.java:266) ~[browsermob-dist-2.1.4.jar:?]
	at org.littleshoot.proxy.impl.ClientToProxyConnection$2.execute(ClientToProxyConnection.java:488) ~[browsermob-dist-2.1.4.jar:?]
	at org.littleshoot.proxy.impl.ConnectionFlow.doProcessCurrentStep(ConnectionFlow.java:140) ~[browsermob-dist-2.1.4.jar:?]
	at org.littleshoot.proxy.impl.ConnectionFlow.access$000(ConnectionFlow.java:14) ~[browsermob-dist-2.1.4.jar:?]
	at org.littleshoot.proxy.impl.ConnectionFlow$1.run(ConnectionFlow.java:124) ~[browsermob-dist-2.1.4.jar:?]
	at io.netty.util.concurrent.PromiseTask$RunnableAdapter.call(PromiseTask.java:38) ~[browsermob-dist-2.1.4.jar:?]
	at io.netty.util.concurrent.PromiseTask.run(PromiseTask.java:73) ~[browsermob-dist-2.1.4.jar:?]
	at io.netty.util.concurrent.AbstractEventExecutor.safeExecute(AbstractEventExecutor.java:163) [browsermob-dist-2.1.4.jar:?]
	at io.netty.util.concurrent.SingleThreadEventExecutor.runAllTasks(SingleThreadEventExecutor.java:418) [browsermob-dist-2.1.4.jar:?]
	at io.netty.channel.nio.NioEventLoop.run(NioEventLoop.java:454) [browsermob-dist-2.1.4.jar:?]
	at io.netty.util.concurrent.SingleThreadEventExecutor$5.run(SingleThreadEventExecutor.java:873) [browsermob-dist-2.1.4.jar:?]
	at java.lang.Thread.run(Unknown Source) [?:1.8.0_311]

[INFO  2023-12-24T17:53:10,972 org.littleshoot.proxy.impl.ProxyToServerConnection] (LittleProxy-0-ProxyToServerWorker-5) (HANDSHAKING) [id: 0xa59db78e, L:0.0.0.0/0.0.0.0:57361 ! R:rum-collector-2.pingdom.net/52.19.186.57:443]: Connection to upstream server failed java.io.IOException: An existing connection was forcibly closed by the remote host
	at sun.nio.ch.SocketDispatcher.write0(Native Method) ~[?:1.8.0_311]
	at sun.nio.ch.SocketDispatcher.write(Unknown Source) ~[?:1.8.0_311]
	at sun.nio.ch.IOUtil.writeFromNativeBuffer(Unknown Source) ~[?:1.8.0_311]
	at sun.nio.ch.IOUtil.write(Unknown Source) ~[?:1.8.0_311]
	at sun.nio.ch.SocketChannelImpl.write(Unknown Source) ~[?:1.8.0_311]
	at io.netty.channel.socket.nio.NioSocketChannel.doWrite(NioSocketChannel.java:411) ~[browsermob-dist-2.1.4.jar:?]
	at io.netty.channel.AbstractChannel$AbstractUnsafe.flush0(AbstractChannel.java:856) ~[browsermob-dist-2.1.4.jar:?]
	at io.netty.channel.nio.AbstractNioChannel$AbstractNioUnsafe.flush0(AbstractNioChannel.java:362) ~[browsermob-dist-2.1.4.jar:?]
	at io.netty.channel.AbstractChannel$AbstractUnsafe.flush(AbstractChannel.java:823) ~[browsermob-dist-2.1.4.jar:?]
	at io.netty.channel.DefaultChannelPipeline$HeadContext.flush(DefaultChannelPipeline.java:1296) ~[browsermob-dist-2.1.4.jar:?]
	at io.netty.channel.AbstractChannelHandlerContext.invokeFlush0(AbstractChannelHandlerContext.java:787) ~[browsermob-dist-2.1.4.jar:?]
	at io.netty.channel.AbstractChannelHandlerContext.invokeFlush(AbstractChannelHandlerContext.java:779) ~[browsermob-dist-2.1.4.jar:?]
	at io.netty.channel.AbstractChannelHandlerContext.flush(AbstractChannelHandlerContext.java:760) ~[browsermob-dist-2.1.4.jar:?]
	at io.netty.channel.ChannelOutboundHandlerAdapter.flush(ChannelOutboundHandlerAdapter.java:115) ~[browsermob-dist-2.1.4.jar:?]
	at io.netty.channel.AbstractChannelHandlerContext.invokeFlush0(AbstractChannelHandlerContext.java:787) ~[browsermob-dist-2.1.4.jar:?]
	at io.netty.channel.AbstractChannelHandlerContext.invokeFlush(AbstractChannelHandlerContext.java:779) ~[browsermob-dist-2.1.4.jar:?]
	at io.netty.channel.AbstractChannelHandlerContext.flush(AbstractChannelHandlerContext.java:760) ~[browsermob-dist-2.1.4.jar:?]
	at io.netty.channel.ChannelOutboundHandlerAdapter.flush(ChannelOutboundHandlerAdapter.java:115) ~[browsermob-dist-2.1.4.jar:?]
	at io.netty.channel.AbstractChannelHandlerContext.invokeFlush0(AbstractChannelHandlerContext.java:787) ~[browsermob-dist-2.1.4.jar:?]
	at io.netty.channel.AbstractChannelHandlerContext.invokeFlush(AbstractChannelHandlerContext.java:779) ~[browsermob-dist-2.1.4.jar:?]
	at io.netty.channel.AbstractChannelHandlerContext.flush(AbstractChannelHandlerContext.java:760) ~[browsermob-dist-2.1.4.jar:?]
	at io.netty.channel.ChannelOutboundHandlerAdapter.flush(ChannelOutboundHandlerAdapter.java:115) ~[browsermob-dist-2.1.4.jar:?]
	at io.netty.channel.AbstractChannelHandlerContext.invokeFlush0(AbstractChannelHandlerContext.java:787) ~[browsermob-dist-2.1.4.jar:?]
	at io.netty.channel.AbstractChannelHandlerContext.invokeFlush(AbstractChannelHandlerContext.java:779) ~[browsermob-dist-2.1.4.jar:?]
	at io.netty.channel.AbstractChannelHandlerContext.flush(AbstractChannelHandlerContext.java:760) ~[browsermob-dist-2.1.4.jar:?]
	at io.netty.channel.ChannelDuplexHandler.flush(ChannelDuplexHandler.java:117) ~[browsermob-dist-2.1.4.jar:?]
	at io.netty.channel.AbstractChannelHandlerContext.invokeFlush0(AbstractChannelHandlerContext.java:787) ~[browsermob-dist-2.1.4.jar:?]
	at io.netty.channel.AbstractChannelHandlerContext.invokeWriteAndFlush(AbstractChannelHandlerContext.java:813) ~[browsermob-dist-2.1.4.jar:?]
	at io.netty.channel.AbstractChannelHandlerContext.write(AbstractChannelHandlerContext.java:825) ~[browsermob-dist-2.1.4.jar:?]
	at io.netty.channel.AbstractChannelHandlerContext.writeAndFlush(AbstractChannelHandlerContext.java:805) ~[browsermob-dist-2.1.4.jar:?]
	at io.netty.channel.AbstractChannelHandlerContext.writeAndFlush(AbstractChannelHandlerContext.java:842) ~[browsermob-dist-2.1.4.jar:?]
	at io.netty.channel.DefaultChannelPipeline.writeAndFlush(DefaultChannelPipeline.java:1032) ~[browsermob-dist-2.1.4.jar:?]
	at io.netty.channel.AbstractChannel.writeAndFlush(AbstractChannel.java:296) ~[browsermob-dist-2.1.4.jar:?]
	at org.littleshoot.proxy.impl.ProxyConnection.writeToChannel(ProxyConnection.java:266) ~[browsermob-dist-2.1.4.jar:?]
	at org.littleshoot.proxy.impl.ClientToProxyConnection$2.execute(ClientToProxyConnection.java:488) ~[browsermob-dist-2.1.4.jar:?]
	at org.littleshoot.proxy.impl.ConnectionFlow.doProcessCurrentStep(ConnectionFlow.java:140) ~[browsermob-dist-2.1.4.jar:?]
	at org.littleshoot.proxy.impl.ConnectionFlow.access$000(ConnectionFlow.java:14) ~[browsermob-dist-2.1.4.jar:?]
	at org.littleshoot.proxy.impl.ConnectionFlow$1.run(ConnectionFlow.java:124) ~[browsermob-dist-2.1.4.jar:?]
	at io.netty.util.concurrent.PromiseTask$RunnableAdapter.call(PromiseTask.java:38) ~[browsermob-dist-2.1.4.jar:?]
	at io.netty.util.concurrent.PromiseTask.run(PromiseTask.java:73) ~[browsermob-dist-2.1.4.jar:?]
	at io.netty.util.concurrent.AbstractEventExecutor.safeExecute(AbstractEventExecutor.java:163) [browsermob-dist-2.1.4.jar:?]
	at io.netty.util.concurrent.SingleThreadEventExecutor.runAllTasks(SingleThreadEventExecutor.java:418) [browsermob-dist-2.1.4.jar:?]
	at io.netty.channel.nio.NioEventLoop.run(NioEventLoop.java:454) [browsermob-dist-2.1.4.jar:?]
	at io.netty.util.concurrent.SingleThreadEventExecutor$5.run(SingleThreadEventExecutor.java:873) [browsermob-dist-2.1.4.jar:?]
	at java.lang.Thread.run(Unknown Source) [?:1.8.0_311]

[INFO  2023-12-24T17:53:10,975 org.littleshoot.proxy.impl.ProxyToServerConnection] (LittleProxy-0-ProxyToServerWorker-5) (HANDSHAKING) [id: 0xe165b51c, L:0.0.0.0/0.0.0.0:57380 ! R:api-spread.lcs.sinfin.fr/51.178.18.74:443]: Connection to upstream server failed java.io.IOException: An existing connection was forcibly closed by the remote host
	at sun.nio.ch.SocketDispatcher.write0(Native Method) ~[?:1.8.0_311]
	at sun.nio.ch.SocketDispatcher.write(Unknown Source) ~[?:1.8.0_311]
	at sun.nio.ch.IOUtil.writeFromNativeBuffer(Unknown Source) ~[?:1.8.0_311]
	at sun.nio.ch.IOUtil.write(Unknown Source) ~[?:1.8.0_311]
	at sun.nio.ch.SocketChannelImpl.write(Unknown Source) ~[?:1.8.0_311]
	at io.netty.channel.socket.nio.NioSocketChannel.doWrite(NioSocketChannel.java:411) ~[browsermob-dist-2.1.4.jar:?]
	at io.netty.channel.AbstractChannel$AbstractUnsafe.flush0(AbstractChannel.java:856) ~[browsermob-dist-2.1.4.jar:?]
	at io.netty.channel.nio.AbstractNioChannel$AbstractNioUnsafe.flush0(AbstractNioChannel.java:362) ~[browsermob-dist-2.1.4.jar:?]
	at io.netty.channel.AbstractChannel$AbstractUnsafe.flush(AbstractChannel.java:823) ~[browsermob-dist-2.1.4.jar:?]
	at io.netty.channel.DefaultChannelPipeline$HeadContext.flush(DefaultChannelPipeline.java:1296) ~[browsermob-dist-2.1.4.jar:?]
	at io.netty.channel.AbstractChannelHandlerContext.invokeFlush0(AbstractChannelHandlerContext.java:787) ~[browsermob-dist-2.1.4.jar:?]
	at io.netty.channel.AbstractChannelHandlerContext.invokeFlush(AbstractChannelHandlerContext.java:779) ~[browsermob-dist-2.1.4.jar:?]
	at io.netty.channel.AbstractChannelHandlerContext.flush(AbstractChannelHandlerContext.java:760) ~[browsermob-dist-2.1.4.jar:?]
	at io.netty.channel.ChannelOutboundHandlerAdapter.flush(ChannelOutboundHandlerAdapter.java:115) ~[browsermob-dist-2.1.4.jar:?]
	at io.netty.channel.AbstractChannelHandlerContext.invokeFlush0(AbstractChannelHandlerContext.java:787) ~[browsermob-dist-2.1.4.jar:?]
	at io.netty.channel.AbstractChannelHandlerContext.invokeFlush(AbstractChannelHandlerContext.java:779) ~[browsermob-dist-2.1.4.jar:?]
	at io.netty.channel.AbstractChannelHandlerContext.flush(AbstractChannelHandlerContext.java:760) ~[browsermob-dist-2.1.4.jar:?]
	at io.netty.channel.ChannelOutboundHandlerAdapter.flush(ChannelOutboundHandlerAdapter.java:115) ~[browsermob-dist-2.1.4.jar:?]
	at io.netty.channel.AbstractChannelHandlerContext.invokeFlush0(AbstractChannelHandlerContext.java:787) ~[browsermob-dist-2.1.4.jar:?]
	at io.netty.channel.AbstractChannelHandlerContext.invokeFlush(AbstractChannelHandlerContext.java:779) ~[browsermob-dist-2.1.4.jar:?]
	at io.netty.channel.AbstractChannelHandlerContext.flush(AbstractChannelHandlerContext.java:760) ~[browsermob-dist-2.1.4.jar:?]
	at io.netty.channel.ChannelOutboundHandlerAdapter.flush(ChannelOutboundHandlerAdapter.java:115) ~[browsermob-dist-2.1.4.jar:?]
	at io.netty.channel.AbstractChannelHandlerContext.invokeFlush0(AbstractChannelHandlerContext.java:787) ~[browsermob-dist-2.1.4.jar:?]
	at io.netty.channel.AbstractChannelHandlerContext.invokeFlush(AbstractChannelHandlerContext.java:779) ~[browsermob-dist-2.1.4.jar:?]
	at io.netty.channel.AbstractChannelHandlerContext.flush(AbstractChannelHandlerContext.java:760) ~[browsermob-dist-2.1.4.jar:?]
	at io.netty.channel.ChannelDuplexHandler.flush(ChannelDuplexHandler.java:117) ~[browsermob-dist-2.1.4.jar:?]
	at io.netty.channel.AbstractChannelHandlerContext.invokeFlush0(AbstractChannelHandlerContext.java:787) ~[browsermob-dist-2.1.4.jar:?]
	at io.netty.channel.AbstractChannelHandlerContext.invokeWriteAndFlush(AbstractChannelHandlerContext.java:813) ~[browsermob-dist-2.1.4.jar:?]
	at io.netty.channel.AbstractChannelHandlerContext.write(AbstractChannelHandlerContext.java:825) ~[browsermob-dist-2.1.4.jar:?]
	at io.netty.channel.AbstractChannelHandlerContext.writeAndFlush(AbstractChannelHandlerContext.java:805) ~[browsermob-dist-2.1.4.jar:?]
	at io.netty.channel.AbstractChannelHandlerContext.writeAndFlush(AbstractChannelHandlerContext.java:842) ~[browsermob-dist-2.1.4.jar:?]
	at io.netty.channel.DefaultChannelPipeline.writeAndFlush(DefaultChannelPipeline.java:1032) ~[browsermob-dist-2.1.4.jar:?]
	at io.netty.channel.AbstractChannel.writeAndFlush(AbstractChannel.java:296) ~[browsermob-dist-2.1.4.jar:?]
	at org.littleshoot.proxy.impl.ProxyConnection.writeToChannel(ProxyConnection.java:266) ~[browsermob-dist-2.1.4.jar:?]
	at org.littleshoot.proxy.impl.ClientToProxyConnection$2.execute(ClientToProxyConnection.java:488) ~[browsermob-dist-2.1.4.jar:?]
	at org.littleshoot.proxy.impl.ConnectionFlow.doProcessCurrentStep(ConnectionFlow.java:140) ~[browsermob-dist-2.1.4.jar:?]
	at org.littleshoot.proxy.impl.ConnectionFlow.access$000(ConnectionFlow.java:14) ~[browsermob-dist-2.1.4.jar:?]
	at org.littleshoot.proxy.impl.ConnectionFlow$1.run(ConnectionFlow.java:124) ~[browsermob-dist-2.1.4.jar:?]
	at io.netty.util.concurrent.PromiseTask$RunnableAdapter.call(PromiseTask.java:38) ~[browsermob-dist-2.1.4.jar:?]
	at io.netty.util.concurrent.PromiseTask.run(PromiseTask.java:73) ~[browsermob-dist-2.1.4.jar:?]
	at io.netty.util.concurrent.AbstractEventExecutor.safeExecute(AbstractEventExecutor.java:163) [browsermob-dist-2.1.4.jar:?]
	at io.netty.util.concurrent.SingleThreadEventExecutor.runAllTasks(SingleThreadEventExecutor.java:418) [browsermob-dist-2.1.4.jar:?]
	at io.netty.channel.nio.NioEventLoop.run(NioEventLoop.java:454) [browsermob-dist-2.1.4.jar:?]
	at io.netty.util.concurrent.SingleThreadEventExecutor$5.run(SingleThreadEventExecutor.java:873) [browsermob-dist-2.1.4.jar:?]
	at java.lang.Thread.run(Unknown Source) [?:1.8.0_311]

